<?xml version="1.0" encoding="UTF-8"?>
<testng-results skipped="0" failed="0" ignored="0" total="1" passed="1">
  <reporter-output>
  </reporter-output>
  <suite name="Default suite" duration-ms="3712" started-at="2018-07-03T08:35:31Z" finished-at="2018-07-03T08:35:35Z">
    <groups>
    </groups>
    <test name="Default test" duration-ms="3712" started-at="2018-07-03T08:35:31Z" finished-at="2018-07-03T08:35:35Z">
      <class name="CircleCIIntegration.CircleCIIntegration.CircleCiTest">
        <test-method status="PASS" signature="googleTest()[pri:0, instance:CircleCIIntegration.CircleCIIntegration.CircleCiTest@ed9d034]" name="googleTest" duration-ms="3685" started-at="2018-07-03T14:05:31Z" finished-at="2018-07-03T14:05:35Z">
          <reporter-output>
          </reporter-output>
        </test-method> <!-- googleTest -->
      </class> <!-- CircleCIIntegration.CircleCIIntegration.CircleCiTest -->
    </test> <!-- Default test -->
  </suite> <!-- Default suite -->
</testng-results>
